This is e-pTeX, Version 3.14159265-p3.8.3-191112-2.6 (utf8.euc) (TeX Live 2020/Debian) (preloaded format=platex 2021.3.12)  14 MAR 2021 18:11
entering extended mode
 restricted \write18 enabled.
 %&-line parsing enabled.
**main.tex
(./main.tex
pLaTeX2e <2020-04-12> (based on LaTeX2e <2020-02-02> patch level 5)
L3 programming layer <2020-07-17>
(/usr/share/texlive/texmf-dist/tex/platex/jsclasses/jsarticle.cls
Document Class: jsarticle 2020/02/02 jsclasses (okumura, texjporg)
\jsc@mpt=\dimen150
\jsc@mmm=\dimen151
\jsc@smallskipamount=\skip47
LaTeX Info: Redefining \textmc on input line 496.
LaTeX Info: Redefining \textgt on input line 498.
\symmincho=\mathgroup4
LaTeX Font Info:    Overwriting symbol font `mincho' in version `bold'
(Font)                  JY1/mc/m/n --> JY1/gt/m/n on input line 560.
LaTeX Font Info:    Font shape `JT1/mc/m/n' will be
(Font)              scaled to size 9.60999pt on input line 751.
LaTeX Font Info:    Font shape `JY1/mc/m/n' will be
(Font)              scaled to size 9.60999pt on input line 751.
\fullwidth=\dimen152
LaTeX Font Info:    Font shape `JT1/mc/m/n' will be
(Font)              scaled to size 7.68799pt on input line 904.
LaTeX Font Info:    Font shape `JY1/mc/m/n' will be
(Font)              scaled to size 7.68799pt on input line 904.
\c@part=\count167
\c@section=\count168
\c@subsection=\count169
\c@subsubsection=\count170
\c@paragraph=\count171
\c@subparagraph=\count172
\@abstractbox=\box61
\c@figure=\count173
\c@table=\count174
\abovecaptionskip=\skip48
\belowcaptionskip=\skip49
\jsc@tocl@width=\dimen153
\@lnumwidth=\dimen154
\bibindent=\dimen155
(/usr/share/texlive/texmf-dist/tex/platex/jsclasses/jslogo.sty
Package: jslogo 2019/07/25 okumura, texjporg
LaTeX Info: Redefining \TeX on input line 94.
LaTeX Info: Redefining \LaTeX on input line 147.
LaTeX Info: Redefining \LaTeXe on input line 200.
)
\heisei=\count175
)
(/usr/share/texlive/texmf-dist/tex/latex/here/here.sty)
(/usr/share/texlive/texmf-dist/tex/latex/float/float.sty
Package: float 2001/11/08 v1.3d Float enhancements (AL)
\c@float@type=\count176
\float@exts=\toks16
\float@box=\box62
\@float@everytoks=\toks17
\@floatcapt=\box63
)
(/usr/share/texlive/texmf-dist/tex/latex/graphics/graphicx.sty
Package: graphicx 2019/11/30 v1.2a Enhanced LaTeX Graphics (DPC,SPQR)

(/usr/share/texlive/texmf-dist/tex/latex/graphics/keyval.sty
Package: keyval 2014/10/28 v1.15 key=value parser (DPC)
\KV@toks@=\toks18
)
(/usr/share/texlive/texmf-dist/tex/latex/graphics/graphics.sty
Package: graphics 2019/11/30 v1.4a Standard LaTeX Graphics (DPC,SPQR)

(/usr/share/texlive/texmf-dist/tex/latex/graphics/trig.sty
Package: trig 2016/01/03 v1.10 sin cos tan (DPC)
)
(/usr/share/texlive/texmf-dist/tex/latex/graphics-cfg/graphics.cfg
File: graphics.cfg 2016/06/04 v1.11 sample graphics configuration
)
Package graphics Info: Driver file: dvipdfmx.def on input line 105.

(/usr/share/texlive/texmf-dist/tex/latex/graphics-def/dvipdfmx.def
File: dvipdfmx.def 2017/06/24 v5.0g Graphics/color driver for dvipdfmx
))
\Gin@req@height=\dimen156
\Gin@req@width=\dimen157
)
(/usr/share/texlive/texmf-dist/tex/latex/listings/listings.sty
\lst@mode=\count177
\lst@gtempboxa=\box64
\lst@token=\toks19
\lst@length=\count178
\lst@currlwidth=\dimen158
\lst@column=\count179
\lst@pos=\count180
\lst@lostspace=\dimen159
\lst@width=\dimen160
\lst@newlines=\count181
\lst@lineno=\count182
\lst@maxwidth=\dimen161

(/usr/share/texlive/texmf-dist/tex/latex/listings/lstmisc.sty
File: lstmisc.sty 2020/03/24 1.8d (Carsten Heinz)
\c@lstnumber=\count183
\lst@skipnumbers=\count184
\lst@framebox=\box65
)
(/usr/share/texlive/texmf-dist/tex/latex/listings/listings.cfg
File: listings.cfg 2020/03/24 1.8d listings configuration
))
Package: listings 2020/03/24 1.8d (Carsten Heinz)

(./jlisting.sty
Package: jlisting 2006/02/20 0.2 (Thor)
\lst@nextchar=\count185
\lst@inputfile=\read2
)
(/usr/share/texlive/texmf-dist/tex/latex/l3backend/l3backend-dvips.def
File: l3backend-dvips.def 2020-06-29 L3 backend support: dvips
\l__pdf_internal_box=\box66
\g__pdf_backend_object_int=\count186
\l__pdf_backend_content_box=\box67
\l__pdf_backend_model_box=\box68
\g__pdf_backend_annotation_int=\count187
\g__pdf_backend_link_int=\count188
\g__pdf_backend_link_sf_int=\count189
)
(./main.aux)
\openout1 = `main.aux'.

LaTeX Font Info:    Checking defaults for OML/cmm/m/it on input line 19.
LaTeX Font Info:    ... okay on input line 19.
LaTeX Font Info:    Checking defaults for OMS/cmsy/m/n on input line 19.
LaTeX Font Info:    ... okay on input line 19.
LaTeX Font Info:    Checking defaults for OT1/cmr/m/n on input line 19.
LaTeX Font Info:    ... okay on input line 19.
LaTeX Font Info:    Checking defaults for T1/cmr/m/n on input line 19.
LaTeX Font Info:    ... okay on input line 19.
LaTeX Font Info:    Checking defaults for TS1/cmr/m/n on input line 19.
LaTeX Font Info:    ... okay on input line 19.
LaTeX Font Info:    Checking defaults for OMX/cmex/m/n on input line 19.
LaTeX Font Info:    ... okay on input line 19.
LaTeX Font Info:    Checking defaults for U/cmr/m/n on input line 19.
LaTeX Font Info:    ... okay on input line 19.
LaTeX Font Info:    Checking defaults for JY1/mc/m/n on input line 19.
LaTeX Font Info:    ... okay on input line 19.
LaTeX Font Info:    Checking defaults for JT1/mc/m/n on input line 19.
LaTeX Font Info:    ... okay on input line 19.
\c@lstlisting=\count190
LaTeX Font Info:    Font shape `JT1/mc/m/n' will be
(Font)              scaled to size 16.60605pt on input line 20.
LaTeX Font Info:    Font shape `JY1/mc/m/n' will be
(Font)              scaled to size 16.60605pt on input line 20.
LaTeX Font Info:    Font shape `JT1/mc/m/n' will be
(Font)              scaled to size 11.53198pt on input line 20.
LaTeX Font Info:    Font shape `JY1/mc/m/n' will be
(Font)              scaled to size 11.53198pt on input line 20.
LaTeX Font Info:    External font `cmex10' loaded for size
(Font)              <12> on input line 20.
LaTeX Font Info:    External font `cmex10' loaded for size
(Font)              <8> on input line 20.
LaTeX Font Info:    External font `cmex10' loaded for size
(Font)              <6> on input line 20.
LaTeX Font Info:    Font shape `JY1/mc/m/n' will be
(Font)              scaled to size 5.76599pt on input line 20.
 (./start.tex
LaTeX Font Info:    Font shape `JT1/mc/m/n' will be
(Font)              scaled to size 13.83836pt on input line 1.
LaTeX Font Info:    Font shape `JY1/mc/m/n' will be
(Font)              scaled to size 13.83836pt on input line 1.
LaTeX Font Info:    Font shape `JT1/gt/m/n' will be
(Font)              scaled to size 13.83836pt on input line 1.
LaTeX Font Info:    Font shape `JY1/gt/m/n' will be
(Font)              scaled to size 13.83836pt on input line 1.
 (./000.tex) (./001-0.tex)
LaTeX Font Info:    Font shape `JT1/gt/m/n' will be
(Font)              scaled to size 11.53198pt on input line 6.
LaTeX Font Info:    Font shape `JY1/gt/m/n' will be
(Font)              scaled to size 11.53198pt on input line 6.
 (./001-1.tex
LaTeX Font Info:    Font shape `JT1/gt/m/n' will be
(Font)              scaled to size 9.60999pt on input line 1.
LaTeX Font Info:    Font shape `JY1/gt/m/n' will be
(Font)              scaled to size 9.60999pt on input line 1.

(./001-1_01.tex [1

]
LaTeX Font Info:    Font shape `JT1/mc/b/n' in size <10> not available
(Font)              Font shape `JT1/mc/bx/n' tried instead on input line 5.
LaTeX Font Info:    Font shape `JT1/mc/bx/n' in size <10> not available
(Font)              Font shape `JT1/gt/m/n' tried instead on input line 5.
LaTeX Font Info:    Font shape `JT1/gt/m/n' will be
(Font)              scaled to size 9.60999pt on input line 5.
LaTeX Font Info:    Font shape `JY1/mc/b/n' in size <10> not available
(Font)              Font shape `JY1/mc/bx/n' tried instead on input line 5.
LaTeX Font Info:    Font shape `JY1/mc/bx/n' in size <10> not available
(Font)              Font shape `JY1/gt/m/n' tried instead on input line 5.
LaTeX Font Info:    Font shape `JY1/gt/m/n' will be
(Font)              scaled to size 9.60999pt on input line 5.
)
Overfull \hbox (65.01385pt too wide) in paragraph at lines 9--3
[]\JY1/mc/m/n/10 最後に同じシステムの中で異なるバ ージ ョンの \OT1/cmr/m/n/10 G
o \JY1/mc/m/n/10 をインスト ールする場合は 、 \OT1/cmr/m/n/10 GVM(https://githu
b.com/moovweb/gvm)
 []

(./001-1_02.tex
LaTeX Font Info:    Trying to load font information for TS1+cmtt on input line 
9.
 (/usr/share/texlive/texmf-dist/tex/latex/base/ts1cmtt.fd
File: ts1cmtt.fd 2019/12/16 v2.5j Standard LaTeX font definitions
)
[2]
File: 1.1.mac.png Graphic file (type bmp)
<1.1.mac.png>
LaTeX Font Info:    Font shape `JT1/mc/m/n' will be
(Font)              scaled to size 8.64899pt on input line 36.
LaTeX Font Info:    Font shape `JY1/mc/m/n' will be
(Font)              scaled to size 8.64899pt on input line 36.
) (./001-1_03.tex
LaTeX Font Info:    External font `cmex10' loaded for size
(Font)              <7> on input line 1.
LaTeX Font Info:    External font `cmex10' loaded for size
(Font)              <5> on input line 1.
LaTeX Font Info:    Font shape `JY1/mc/m/n' will be
(Font)              scaled to size 6.72699pt on input line 1.
LaTeX Font Info:    Font shape `JY1/mc/m/n' will be
(Font)              scaled to size 4.805pt on input line 1.
 [3]) (./001-1_04.tex) (./001-1_05.tex) (./001-1_06.tex
[4]
File: 1.1.linux.png Graphic file (type bmp)
<1.1.linux.png>
) (./001-1_07.tex [5]) (./001-1_08.tex) (./001-1_09.tex) (./001-1_10.tex))
[6] (./001-2.tex (./001-2_00.tex) (./001-2_01.tex
LaTeX Font Info:    Trying to load font information for OMS+cmtt on input line 
28.
LaTeX Font Info:    No file OMScmtt.fd. on input line 28.


LaTeX Font Warning: Font shape `OMS/cmtt/m/n' undefined
(Font)              using `OMS/cmsy/m/n' instead
(Font)              for symbol `textbraceleft' on input line 28.

) (./001-2_02.tex [7]) (./001-2_03.tex [8]) (./001-2_04.tex [9])
(./001-2_05.tex)) (./001-3.tex (./001-3_00.tex
File: 1.1.mac.png Graphic file (type bmp)
<1.1.mac.png>
 [10]) (./001-3_01.tex [11]
[12]) (./001-3_02.tex) (./001-3_03.tex [13]) (./001-3_04.tex [14])
(./001-3_05.tex) (./001-3_06.tex) (./001-3_07.tex [15]) (./001-3_08.tex)
(./001-3_09.tex) [16] (./001-3_10.tex
Overfull \hbox (11.20241pt too wide) in paragraph at lines 6--7
[][][][][][][][][][][][][][][][][][][][][][][][] 
 []

)) (./001-4.tex (./001-4_00.tex) (./001-4_01.tex
File: 1.4.liteide.png Graphic file (type bmp)
<1.4.liteide.png>
) [17] (./001-4_02.tex [18])
(./001-4_03.tex
Overfull \hbox (7.44308pt too wide) in paragraph at lines 27--28
[][][][] 
 []


Overfull \hbox (1.1431pt too wide) in paragraph at lines 31--32
[][][][][][][][][][][][][][][][][][][][][][][][][][][][] 
 []

[19]) (./001-4_04.tex
File: 1.4.sublime1.png Graphic file (type bmp)
<1.4.sublime1.png>
 [20]
File: 1.4.sublime2.png Graphic file (type bmp)
<1.4.sublime2.png>
 [21]
Overfull \hbox (38.94302pt too wide) in paragraph at lines 33--34
[][][][][][][][][][][][][][][] 
 []

File: 1.4.sublime3.png Graphic file (type bmp)
<1.4.sublime3.png>
[22]
File: 1.4.sublime4.png Graphic file (type bmp)
<1.4.sublime4.png>
 [23] [24]) (./001-4_05.tex
File: 1.4.vim.png Graphic file (type bmp)
<1.4.vim.png>
 [25]
Overfull \hbox (67.03615pt too wide) in paragraph at lines 42--43
[]\OT1/cmr/m/n/10 lib-path:\JY1/mc/m/n/10 デフ ォルトで 、 \OT1/cmr/m/n/10 goco
de \JY1/mc/m/n/10 は\TS1/cmr/m/n/10 $\OT1/cmr/m/n/10 GOPATH/pkg/\TS1/cmr/m/n/10
 $\OT1/cmr/m/n/10 GOOS[]\TS1/cmr/m/n/10 $\OT1/cmr/m/n/10 GOARCH \JY1/mc/m/n/10 
と\TS1/cmr/m/n/10 $\OT1/cmr/m/n/10 GO-ROOT/pkg/\TS1/cmr/m/n/10 $\OT1/cmr/m/n/10
 GOOS[]\TS1/cmr/m/n/10 $\OT1/cmr/m/n/10 GOARCH
 []

) (./001-4_06.tex
File: 1.4.emacs.png Graphic file (type bmp)
<1.4.emacs.png>
 [26] [27]
Overfull \hbox (171.24277pt too wide) in paragraph at lines 67--68
[][][][][][][][][][][][][][][][][][][][][][][][][][][][][][][][] 
 []


Overfull \hbox (32.64304pt too wide) in paragraph at lines 112--113
[][][][][][][][][][][][][][][][][][][][][][][][][][][] 
 []

[28]
Overfull \hbox (1.1431pt too wide) in paragraph at lines 125--126
[][][][][][][][][][][][][][][][][][][][][][][][] 
 []

) (./001-4_07.tex
File: 1.4.eclipse1.png Graphic file (type bmp)
<1.4.eclipse1.png>
 [29]
File: 1.4.eclipse2.png Graphic file (type bmp)
<1.4.eclipse2.png>
 [30]
File: 1.4.eclipse3.png Graphic file (type bmp)
<1.4.eclipse3.png>
 [31]
File: 1.4.eclipse4.png Graphic file (type bmp)
<1.4.eclipse4.png>
 [32]
File: 1.4.eclipse5.png Graphic file (type bmp)
<1.4.eclipse5.png>
 [33]
File: 1.4.eclipse6.png Graphic file (type bmp)
<1.4.eclipse6.png>
 [34]) (./001-4_08.tex
File: 1.4.idea1.png Graphic file (type bmp)
<1.4.idea1.png>
 [35]
File: 1.4.idea3.png Graphic file (type bmp)
<1.4.idea3.png>
File: 1.4.idea4.png Graphic file (type bmp)
<1.4.idea4.png>
 [36]
File: 1.4.idea5.png Graphic file (type bmp)
<1.4.idea5.png>

[37]
LaTeX Font Info:    Trying to load font information for OMS+cmr on input line 2
1.
 (/usr/share/texlive/texmf-dist/tex/latex/base/omscmr.fd
File: omscmr.fd 2019/12/16 v2.5j Standard LaTeX font definitions
)
LaTeX Font Info:    Font shape `OMS/cmr/m/n' in size <10> not available
(Font)              Font shape `OMS/cmsy/m/n' tried instead on input line 21.
)) (./001-5.tex)
[38] (./002-0.tex) (./002-1.tex (./002-1_00.tex) (./002-1_01.tex
Overfull \hbox (74.20229pt too wide) in paragraph at lines 13--14
[][][][][][][][][][][][][][][][][][][][][][][][][][][][][][][][][][] 
 []

) (./002-1_02.tex [39]
Overfull \hbox (9.78038pt too wide) in paragraph at lines 17--18
[]\OT1/cmr/m/n/10 6 \JY1/mc/m/n/10 行目では 、 \OT1/cmtt/m/n/10 fmt \JY1/mc/m/n
/10 パ ッケ ージに定義された \OT1/cmtt/m/n/10 Printf \JY1/mc/m/n/10 関数をコ ー
ルします 。 この関数は\OT1/cmtt/m/n/10 <pkgName>.<funcName>\JY1/mc/m/n/10 の
 []

) (./002-1_03.tex)) (./002-2.tex (./002-2_00.tex) [40] (./002-2_01.tex
Overfull \hbox (4.90242pt too wide) in paragraph at lines 29--30
[][][][][][][][][][][][][][][][][][][][][][][][][][][][][][][][][][][][] 
 []


Overfull \hbox (11.20241pt too wide) in paragraph at lines 52--53
[][][][][][][][][][][][][][][][][][][][][][][][][][][][][][][][][][][][][] 
 []

[41]) (./002-2_02.tex) (./002-2_03.tex [42]) (./002-2_04.tex) (./002-2_05.tex
[43])

! LaTeX Error: File `002-2_06.tex' not found.

Type X to quit or <RETURN> to proceed,
or enter new name. (Default extension: tex)

Enter file name: 
! Emergency stop.
<read *> 
         
l.14 \input{002-2_06.tex}
                         ^^M
End of file on the terminal!

 
Here is how much of TeX's memory you used:
 3086 strings out of 482516
 42205 string characters out of 5949363
 315338 words of memory out of 5000000
 18554 multiletter control sequences out of 15000+600000
 547423 words of font info for 86 fonts, out of 8000000 for 9000
 269 hyphenation exceptions out of 8191
 36i,6n,36p,1053b,2223s stack positions out of 5000i,500n,10000p,200000b,80000s
Output written on main.dvi (43 pages, 169172 bytes).
